2025-06-08 10:30:32,179 - src.data_management.log_manager - INFO - LogManager: 日志系统初始化完成。
2025-06-08 10:30:32,180 - __main__ - INFO - DeepWin 应用程序启动中...
2025-06-08 10:30:32,180 - src.app_logic.core_manager.coordinator - INFO - Coordinator: 初始化中...
2025-06-08 10:30:32,181 - src.app_logic.memory_processing.image_video_processing.processor - INFO - ImageVideoProcessor: 初始化中...
2025-06-08 10:30:32,181 - src.app_logic.memory_processing.image_video_processing.processor - INFO - ImageVideoProcessor: 初始化完成。
2025-06-08 10:30:32,182 - src.app_logic.resource_demand_manager.manager - INFO - ResourceDemandManager: 初始化中...
2025-06-08 10:30:32,183 - src.app_logic.resource_demand_manager.manager - INFO - ResourceDemandManager: 初始化完成。
2025-06-08 10:30:32,184 - src.app_logic.device_logic_manager.manager - INFO - DeviceLogicManager: 初始化中...
2025-06-08 10:30:32,184 - src.app_logic.device_logic_manager.manager - INFO - DeviceLogicManager: 初始化完成。
2025-06-08 10:30:32,185 - src.app_logic.ai_coordinator.coordinator - INFO - AICoordinator: 初始化中...
2025-06-08 10:30:32,185 - src.app_logic.ai_coordinator.coordinator - INFO - AICoordinator: 初始化完成。
2025-06-08 10:30:32,186 - src.app_logic.agents.agent_manager - INFO - AgentManager: 初始化中...
2025-06-08 10:30:32,187 - src.app_logic.agents.agent_manager - INFO - AgentManager: 初始化完成。
2025-06-08 10:30:32,187 - src.app_logic.agents.agent_manager - INFO - AgentManager: 示例智能体已初始化。
2025-06-08 10:30:32,188 - src.app_logic.agents.agent_manager - INFO - AgentManager: Coordinator已设置
2025-06-08 10:30:32,188 - src.services.cloud_communication.api_client - INFO - CloudApiClient: 初始化中...
2025-06-08 10:30:32,189 - src.services.cloud_communication.api_client - INFO - CloudApiClient: 初始化完成。
2025-06-08 10:30:32,190 - src.data_management.local_database - INFO - LocalDatabaseManager: 初始化中...
2025-06-08 10:30:32,190 - src.data_management.local_database - INFO - LocalDatabaseManager: 初始化完成。
2025-06-08 10:30:32,191 - src.app_logic.core_manager.coordinator - INFO - Coordinator: 初始化完成。
2025-06-08 10:30:32,191 - src.ui.main_window - INFO - MainWindow: 初始化中...
2025-06-08 10:30:38,471 - src.ui.main_window - INFO - MainWindow: 初始化完成。
2025-06-08 10:30:38,472 - __main__ - INFO - QThreadPool 已启动，最大线程数: 7
2025-06-08 10:32:04,326 - src.app_logic.core_manager.coordinator - INFO - Coordinator: 执行清理工作。
2025-06-08 10:32:04,327 - src.app_logic.memory_processing.image_video_processing.processor - INFO - ImageVideoProcessor: 执行清理工作。
2025-06-08 10:32:04,327 - src.app_logic.resource_demand_manager.manager - INFO - ResourceDemandManager: 执行清理工作。
2025-06-08 10:32:04,327 - src.app_logic.device_logic_manager.manager - INFO - DeviceLogicManager: 执行清理工作。
2025-06-08 10:32:04,328 - src.app_logic.ai_coordinator.coordinator - INFO - AICoordinator: 执行清理工作。
2025-06-08 10:32:04,328 - src.app_logic.agents.agent_manager - INFO - AgentManager: 执行清理工作。
2025-06-08 10:32:04,328 - src.services.cloud_communication.api_client - INFO - CloudApiClient: 执行清理工作。
2025-06-08 10:32:04,329 - src.data_management.local_database - INFO - LocalDatabaseManager: 执行清理工作。
2025-06-08 10:32:04,329 - __main__ - INFO - DeepWin 应用程序已退出。
